<?xml version="1.0" encoding="UTF-8"?>
<!-- Generated by org.testng.reporters.JUnitReportReporter -->
<testsuite hostname="Growlt153" failures="0" tests="1" name="Runners.TestNG_Runner" time="14.751" errors="0" timestamp="2024-02-22T15:15:35 IST" skipped="0">
  <testcase classname="Runners.TestNG_Runner" name="runScenario" time="14.751"/>
  <system-out/>
</testsuite> <!-- Runners.TestNG_Runner -->
